<?xml version="1.0" encoding="UTF-8"?>
<testng-results ignored="0" total="1" passed="1" failed="0" skipped="0">
  <reporter-output>
    <line>
      <![CDATA[successfully launched chrome browser]]>
    </line>
    <line>
      <![CDATA[Browser window is maximized successfully]]>
    </line>
    <line>
      <![CDATA[browser close successfully]]>
    </line>
  </reporter-output>
  <suite started-at="2023-05-12T11:53:33 IST" name="Default suite" finished-at="2023-05-12T11:54:23 IST" duration-ms="49393">
    <groups>
    </groups>
    <test started-at="2023-05-12T11:53:33 IST" name="Default test" finished-at="2023-05-12T11:54:23 IST" duration-ms="49393">
      <class name="com.hag.tests.Scenario_6">
        <test-method is-config="true" signature="openBrowser()[pri:0, instance:com.hag.tests.Scenario_6@c333c60]" started-at="2023-05-12T11:53:33 IST" name="openBrowser" finished-at="2023-05-12T11:53:36 IST" duration-ms="2535" status="PASS">
          <reporter-output>
            <line>
              <![CDATA[successfully launched chrome browser]]>
            </line>
            <line>
              <![CDATA[Browser window is maximized successfully]]>
            </line>
          </reporter-output>
        </test-method> <!-- openBrowser -->
        <test-method is-config="true" signature="navigateToApplication()[pri:0, instance:com.hag.tests.Scenario_6@c333c60]" started-at="2023-05-12T11:53:36 IST" name="navigateToApplication" finished-at="2023-05-12T11:53:37 IST" duration-ms="1522" status="PASS">
          <reporter-output>
          </reporter-output>
        </test-method> <!-- navigateToApplication -->
        <test-method signature="nevigateToUserTesting()[pri:0, instance:com.hag.tests.Scenario_6@c333c60]" started-at="2023-05-12T11:53:37 IST" name="nevigateToUserTesting" finished-at="2023-05-12T11:54:21 IST" duration-ms="44115" status="PASS">
          <reporter-output>
          </reporter-output>
        </test-method> <!-- nevigateToUserTesting -->
        <test-method is-config="true" signature="closeTheBrowser()[pri:0, instance:com.hag.tests.Scenario_6@c333c60]" started-at="2023-05-12T11:54:21 IST" name="closeTheBrowser" finished-at="2023-05-12T11:54:23 IST" duration-ms="1183" status="PASS">
          <reporter-output>
            <line>
              <![CDATA[browser close successfully]]>
            </line>
          </reporter-output>
        </test-method> <!-- closeTheBrowser -->
      </class> <!-- com.hag.tests.Scenario_6 -->
    </test> <!-- Default test -->
  </suite> <!-- Default suite -->
</testng-results>
