<?xml version="1.0" encoding="UTF-8"?>
<!-- Generated by org.testng.reporters.JUnitXMLReporter -->
<testsuite ignored="3" hostname="INBL01LAP30343" failures="0" tests="2" name="Test" time="34.14" errors="0" timestamp="2023-04-05T18:39:05 IST">
  <testcase classname="com.hag.tests.Scenario_1" name="logininTotheapplicaton" time="9.237"/>
  <testcase classname="com.hag.tests.Scenarios_2" name="checkTheParticularProduct" time="0.38"/>
  <testcase classname="com.hag.tests.Scenario_5" name="featuresOfRealDeviceCloud" time="0.0">
    <ignored/>
  </testcase> <!-- featuresOfRealDeviceCloud -->
  <testcase classname="com.hag.tests.Scenario_3" name="validateThePrice" time="0.0">
    <ignored/>
  </testcase> <!-- validateThePrice -->
  <testcase classname="com.hag.tests.Scenario_4$Scenarios_4" name="valiadteErroMessage" time="0.0">
    <ignored/>
  </testcase> <!-- valiadteErroMessage -->
</testsuite> <!-- Test -->
